{"/home/addison/Documents/github/particles/src/Particle.ts": {"path":"/home/addison/Documents/github/particles/src/Particle.ts","all":false,"statementMap":{"0":{"start":{"line":1,"column":0},"end":{"line":1,"column":31}},"1":{"start":{"line":2,"column":0},"end":{"line":2,"column":0}},"2":{"start":{"line":3,"column":0},"end":{"line":3,"column":16}},"3":{"start":{"line":4,"column":0},"end":{"line":4,"column":26}},"4":{"start":{"line":5,"column":0},"end":{"line":5,"column":26}},"5":{"start":{"line":6,"column":0},"end":{"line":6,"column":30}},"6":{"start":{"line":7,"column":0},"end":{"line":7,"column":0}},"7":{"start":{"line":8,"column":0},"end":{"line":8,"column":18}},"8":{"start":{"line":9,"column":0},"end":{"line":9,"column":22}},"9":{"start":{"line":10,"column":0},"end":{"line":10,"column":0}},"10":{"start":{"line":11,"column":0},"end":{"line":11,"column":28}},"11":{"start":{"line":12,"column":0},"end":{"line":12,"column":0}},"12":{"start":{"line":13,"column":0},"end":{"line":13,"column":23}},"13":{"start":{"line":14,"column":0},"end":{"line":14,"column":31}},"14":{"start":{"line":15,"column":0},"end":{"line":15,"column":0}},"15":{"start":{"line":16,"column":0},"end":{"line":16,"column":72}},"16":{"start":{"line":17,"column":0},"end":{"line":17,"column":29}},"17":{"start":{"line":18,"column":0},"end":{"line":18,"column":40}},"18":{"start":{"line":19,"column":0},"end":{"line":19,"column":44}},"19":{"start":{"line":20,"column":0},"end":{"line":20,"column":42}},"20":{"start":{"line":21,"column":0},"end":{"line":21,"column":27}},"21":{"start":{"line":22,"column":0},"end":{"line":22,"column":23}},"22":{"start":{"line":23,"column":0},"end":{"line":23,"column":3}},"23":{"start":{"line":24,"column":0},"end":{"line":24,"column":0}},"24":{"start":{"line":25,"column":0},"end":{"line":25,"column":34}},"25":{"start":{"line":26,"column":0},"end":{"line":26,"column":31}},"26":{"start":{"line":27,"column":0},"end":{"line":27,"column":3}},"27":{"start":{"line":28,"column":0},"end":{"line":28,"column":0}},"28":{"start":{"line":29,"column":0},"end":{"line":29,"column":25}},"29":{"start":{"line":30,"column":0},"end":{"line":30,"column":23}},"30":{"start":{"line":31,"column":0},"end":{"line":31,"column":46}},"31":{"start":{"line":32,"column":0},"end":{"line":32,"column":5}},"32":{"start":{"line":33,"column":0},"end":{"line":33,"column":32}},"33":{"start":{"line":34,"column":0},"end":{"line":34,"column":3}},"34":{"start":{"line":35,"column":0},"end":{"line":35,"column":0}},"35":{"start":{"line":36,"column":0},"end":{"line":36,"column":13}},"36":{"start":{"line":37,"column":0},"end":{"line":37,"column":35}},"37":{"start":{"line":38,"column":0},"end":{"line":38,"column":22}},"38":{"start":{"line":39,"column":0},"end":{"line":39,"column":12}},"39":{"start":{"line":40,"column":0},"end":{"line":40,"column":34}},"40":{"start":{"line":41,"column":0},"end":{"line":41,"column":5}},"41":{"start":{"line":42,"column":0},"end":{"line":42,"column":3}},"42":{"start":{"line":43,"column":0},"end":{"line":43,"column":0}},"43":{"start":{"line":44,"column":0},"end":{"line":44,"column":28}},"44":{"start":{"line":45,"column":0},"end":{"line":45,"column":34}},"45":{"start":{"line":46,"column":0},"end":{"line":46,"column":3}},"46":{"start":{"line":47,"column":0},"end":{"line":47,"column":0}},"47":{"start":{"line":48,"column":0},"end":{"line":48,"column":25}},"48":{"start":{"line":49,"column":0},"end":{"line":49,"column":40}},"49":{"start":{"line":50,"column":0},"end":{"line":50,"column":0}},"50":{"start":{"line":51,"column":0},"end":{"line":51,"column":19}},"51":{"start":{"line":52,"column":0},"end":{"line":52,"column":58}},"52":{"start":{"line":53,"column":0},"end":{"line":53,"column":5}},"53":{"start":{"line":54,"column":0},"end":{"line":54,"column":0}},"54":{"start":{"line":55,"column":0},"end":{"line":55,"column":29}},"55":{"start":{"line":56,"column":0},"end":{"line":56,"column":53}},"56":{"start":{"line":57,"column":0},"end":{"line":57,"column":0}},"57":{"start":{"line":58,"column":0},"end":{"line":58,"column":47}},"58":{"start":{"line":59,"column":0},"end":{"line":59,"column":33}},"59":{"start":{"line":60,"column":0},"end":{"line":60,"column":0}},"60":{"start":{"line":61,"column":0},"end":{"line":61,"column":73}},"61":{"start":{"line":62,"column":0},"end":{"line":62,"column":0}},"62":{"start":{"line":63,"column":0},"end":{"line":63,"column":51}},"63":{"start":{"line":64,"column":0},"end":{"line":64,"column":57}},"64":{"start":{"line":65,"column":0},"end":{"line":65,"column":0}},"65":{"start":{"line":66,"column":0},"end":{"line":66,"column":18}},"66":{"start":{"line":67,"column":0},"end":{"line":67,"column":61}},"67":{"start":{"line":68,"column":0},"end":{"line":68,"column":0}},"68":{"start":{"line":69,"column":0},"end":{"line":69,"column":28}},"69":{"start":{"line":70,"column":0},"end":{"line":70,"column":3}},"70":{"start":{"line":71,"column":0},"end":{"line":71,"column":0}},"71":{"start":{"line":72,"column":0},"end":{"line":72,"column":22}},"72":{"start":{"line":73,"column":0},"end":{"line":73,"column":33}},"73":{"start":{"line":74,"column":0},"end":{"line":74,"column":3}},"74":{"start":{"line":75,"column":0},"end":{"line":75,"column":1}},"75":{"start":{"line":76,"column":0},"end":{"line":76,"column":0}},"76":{"start":{"line":77,"column":0},"end":{"line":77,"column":24}}},"s":{"0":1,"1":1,"2":1,"3":1,"4":1,"5":1,"6":1,"7":1,"8":1,"9":1,"10":1,"11":1,"12":1,"13":1,"14":1,"15":1,"16":1,"17":1,"18":1,"19":2,"20":2,"21":2,"22":2,"23":2,"24":2,"25":408,"26":408,"27":408,"28":408,"29":408,"30":408,"31":408,"32":2,"33":1,"34":1,"35":1,"36":1,"37":1,"38":1,"39":1,"40":1,"41":1,"42":1,"43":1,"44":0,"45":0,"46":0,"47":1,"48":1,"49":1,"50":1,"51":1,"52":1,"53":1,"54":1,"55":1,"56":1,"57":1,"58":1,"59":11,"60":11,"61":11,"62":11,"63":11,"64":11,"65":11,"66":11,"67":11,"68":1,"69":1,"70":1,"71":1,"72":1,"73":12,"74":12,"75":12,"76":12},"branchMap":{"0":{"type":"branch","line":1,"loc":{"start":{"line":1,"column":0},"end":{"line":77,"column":24}},"locations":[{"start":{"line":1,"column":0},"end":{"line":77,"column":24}}]},"1":{"type":"branch","line":1,"loc":{"start":{"line":1,"column":0},"end":{"line":77,"column":24}},"locations":[{"start":{"line":1,"column":0},"end":{"line":77,"column":24}}]},"2":{"type":"branch","line":16,"loc":{"start":{"line":16,"column":20},"end":{"line":18,"column":28}},"locations":[{"start":{"line":16,"column":20},"end":{"line":18,"column":28}}]},"3":{"type":"branch","line":19,"loc":{"start":{"line":19,"column":7},"end":{"line":34,"column":0}},"locations":[{"start":{"line":19,"column":7},"end":{"line":34,"column":0}}]},"4":{"type":"branch","line":20,"loc":{"start":{"line":20,"column":31},"end":{"line":21,"column":17}},"locations":[{"start":{"line":20,"column":31},"end":{"line":21,"column":17}}]},"5":{"type":"branch","line":25,"loc":{"start":{"line":25,"column":15},"end":{"line":33,"column":14}},"locations":[{"start":{"line":25,"column":15},"end":{"line":33,"column":14}}]},"6":{"type":"branch","line":30,"loc":{"start":{"line":30,"column":2},"end":{"line":30,"column":17}},"locations":[{"start":{"line":30,"column":2},"end":{"line":30,"column":17}}]},"7":{"type":"branch","line":36,"loc":{"start":{"line":36,"column":11},"end":{"line":49,"column":7}},"locations":[{"start":{"line":36,"column":11},"end":{"line":49,"column":7}}]},"8":{"type":"branch","line":40,"loc":{"start":{"line":40,"column":6},"end":{"line":40,"column":10}},"locations":[{"start":{"line":40,"column":6},"end":{"line":40,"column":10}}]},"9":{"type":"branch","line":44,"loc":{"start":{"line":44,"column":19},"end":{"line":48,"column":14}},"locations":[{"start":{"line":44,"column":19},"end":{"line":48,"column":14}}]},"10":{"type":"branch","line":49,"loc":{"start":{"line":49,"column":28},"end":{"line":52,"column":37}},"locations":[{"start":{"line":49,"column":28},"end":{"line":52,"column":37}}]},"11":{"type":"branch","line":56,"loc":{"start":{"line":56,"column":4},"end":{"line":56,"column":23}},"locations":[{"start":{"line":56,"column":4},"end":{"line":56,"column":23}}]},"12":{"type":"branch","line":59,"loc":{"start":{"line":59,"column":29},"end":{"line":69,"column":11}},"locations":[{"start":{"line":59,"column":29},"end":{"line":69,"column":11}}]},"13":{"type":"branch","line":69,"loc":{"start":{"line":69,"column":14},"end":{"line":73,"column":10}},"locations":[{"start":{"line":69,"column":14},"end":{"line":73,"column":10}}]},"14":{"type":"branch","line":73,"loc":{"start":{"line":73,"column":13},"end":{"line":77,"column":24}},"locations":[{"start":{"line":73,"column":13},"end":{"line":77,"column":24}}]},"15":{"type":"branch","line":77,"loc":{"start":{"line":77,"column":8},"end":{"line":77,"column":24}},"locations":[{"start":{"line":77,"column":8},"end":{"line":77,"column":24}}]}},"b":{"0":[1],"1":[1],"2":[1],"3":[2],"4":[0],"5":[408],"6":[55],"7":[1],"8":[0],"9":[0],"10":[1],"11":[11],"12":[11],"13":[1],"14":[12],"15":[0]},"fnMap":{"0":{"name":"Object.<anonymous>","decl":{"start":{"line":1,"column":0},"end":{"line":77,"column":24}},"loc":{"start":{"line":1,"column":0},"end":{"line":77,"column":24}},"line":1},"1":{"name":"__export","decl":{"start":{"line":16,"column":20},"end":{"line":18,"column":28}},"loc":{"start":{"line":16,"column":20},"end":{"line":18,"column":28}},"line":16},"2":{"name":"__copyProps","decl":{"start":{"line":19,"column":7},"end":{"line":34,"column":0}},"loc":{"start":{"line":19,"column":7},"end":{"line":34,"column":0}},"line":19},"3":{"name":"get","decl":{"start":{"line":30,"column":2},"end":{"line":30,"column":17}},"loc":{"start":{"line":30,"column":2},"end":{"line":30,"column":17}},"line":30},"4":{"name":"__toESM","decl":{"start":{"line":36,"column":11},"end":{"line":49,"column":7}},"loc":{"start":{"line":36,"column":11},"end":{"line":49,"column":7}},"line":36},"5":{"name":"__toCommonJS","decl":{"start":{"line":49,"column":28},"end":{"line":52,"column":37}},"loc":{"start":{"line":49,"column":28},"end":{"line":52,"column":37}},"line":49},"6":{"name":"default","decl":{"start":{"line":56,"column":4},"end":{"line":56,"column":23}},"loc":{"start":{"line":56,"column":4},"end":{"line":56,"column":23}},"line":56},"7":{"name":"Particle","decl":{"start":{"line":59,"column":29},"end":{"line":69,"column":11}},"loc":{"start":{"line":59,"column":29},"end":{"line":69,"column":11}},"line":59},"8":{"name":"addForce","decl":{"start":{"line":69,"column":14},"end":{"line":73,"column":10}},"loc":{"start":{"line":69,"column":14},"end":{"line":73,"column":10}},"line":69},"9":{"name":"setMass","decl":{"start":{"line":73,"column":13},"end":{"line":77,"column":24}},"loc":{"start":{"line":73,"column":13},"end":{"line":77,"column":24}},"line":73}},"f":{"0":1,"1":1,"2":2,"3":55,"4":1,"5":1,"6":11,"7":11,"8":1,"9":12}}
,"/home/addison/Documents/github/particles/src/ParticleForceGenerator.ts": {"path":"/home/addison/Documents/github/particles/src/ParticleForceGenerator.ts","all":false,"statementMap":{"0":{"start":{"line":1,"column":0},"end":{"line":1,"column":31}},"1":{"start":{"line":2,"column":0},"end":{"line":2,"column":34}},"2":{"start":{"line":3,"column":0},"end":{"line":3,"column":0}},"3":{"start":{"line":4,"column":0},"end":{"line":4,"column":34}},"4":{"start":{"line":5,"column":0},"end":{"line":5,"column":52}},"5":{"start":{"line":6,"column":0},"end":{"line":6,"column":1}},"6":{"start":{"line":7,"column":0},"end":{"line":7,"column":0}},"7":{"start":{"line":8,"column":0},"end":{"line":8,"column":57}},"8":{"start":{"line":9,"column":0},"end":{"line":9,"column":25}},"9":{"start":{"line":10,"column":0},"end":{"line":10,"column":0}},"10":{"start":{"line":11,"column":0},"end":{"line":11,"column":39}},"11":{"start":{"line":12,"column":0},"end":{"line":12,"column":27}},"12":{"start":{"line":13,"column":0},"end":{"line":13,"column":3}},"13":{"start":{"line":14,"column":0},"end":{"line":14,"column":0}},"14":{"start":{"line":15,"column":0},"end":{"line":15,"column":53}},"15":{"start":{"line":16,"column":0},"end":{"line":16,"column":42}},"16":{"start":{"line":17,"column":0},"end":{"line":17,"column":0}},"17":{"start":{"line":18,"column":0},"end":{"line":18,"column":62}},"18":{"start":{"line":19,"column":0},"end":{"line":19,"column":79}},"19":{"start":{"line":20,"column":0},"end":{"line":20,"column":3}},"20":{"start":{"line":21,"column":0},"end":{"line":21,"column":1}},"21":{"start":{"line":22,"column":0},"end":{"line":22,"column":0}},"22":{"start":{"line":23,"column":0},"end":{"line":23,"column":54}},"23":{"start":{"line":24,"column":0},"end":{"line":24,"column":42}},"24":{"start":{"line":25,"column":0},"end":{"line":25,"column":13}},"25":{"start":{"line":26,"column":0},"end":{"line":26,"column":0}},"26":{"start":{"line":27,"column":0},"end":{"line":27,"column":50}},"27":{"start":{"line":28,"column":0},"end":{"line":28,"column":13}},"28":{"start":{"line":29,"column":0},"end":{"line":29,"column":0}},"29":{"start":{"line":30,"column":0},"end":{"line":30,"column":39}},"30":{"start":{"line":31,"column":0},"end":{"line":31,"column":17}},"31":{"start":{"line":32,"column":0},"end":{"line":32,"column":17}},"32":{"start":{"line":33,"column":0},"end":{"line":33,"column":3}},"33":{"start":{"line":34,"column":0},"end":{"line":34,"column":0}},"34":{"start":{"line":35,"column":0},"end":{"line":35,"column":53}},"35":{"start":{"line":36,"column":0},"end":{"line":36,"column":44}},"36":{"start":{"line":37,"column":0},"end":{"line":37,"column":0}},"37":{"start":{"line":38,"column":0},"end":{"line":38,"column":43}},"38":{"start":{"line":39,"column":0},"end":{"line":39,"column":43}},"39":{"start":{"line":40,"column":0},"end":{"line":40,"column":70}},"40":{"start":{"line":41,"column":0},"end":{"line":41,"column":0}},"41":{"start":{"line":42,"column":0},"end":{"line":42,"column":45}},"42":{"start":{"line":43,"column":0},"end":{"line":43,"column":22}},"43":{"start":{"line":44,"column":0},"end":{"line":44,"column":37}},"44":{"start":{"line":45,"column":0},"end":{"line":45,"column":0}},"45":{"start":{"line":46,"column":0},"end":{"line":46,"column":29}},"46":{"start":{"line":47,"column":0},"end":{"line":47,"column":3}},"47":{"start":{"line":48,"column":0},"end":{"line":48,"column":1}},"48":{"start":{"line":49,"column":0},"end":{"line":49,"column":0}},"49":{"start":{"line":50,"column":0},"end":{"line":50,"column":59}},"50":{"start":{"line":51,"column":0},"end":{"line":51,"column":24}},"51":{"start":{"line":52,"column":0},"end":{"line":52,"column":14}},"52":{"start":{"line":53,"column":0},"end":{"line":53,"column":0}},"53":{"start":{"line":54,"column":0},"end":{"line":54,"column":54}},"54":{"start":{"line":55,"column":0},"end":{"line":55,"column":29}},"55":{"start":{"line":56,"column":0},"end":{"line":56,"column":19}},"56":{"start":{"line":57,"column":0},"end":{"line":57,"column":2}},"57":{"start":{"line":58,"column":0},"end":{"line":58,"column":0}},"58":{"start":{"line":59,"column":0},"end":{"line":59,"column":52}},"59":{"start":{"line":60,"column":0},"end":{"line":60,"column":0}},"60":{"start":{"line":61,"column":0},"end":{"line":61,"column":39}},"61":{"start":{"line":62,"column":0},"end":{"line":62,"column":54}},"62":{"start":{"line":63,"column":0},"end":{"line":63,"column":20}},"63":{"start":{"line":64,"column":0},"end":{"line":64,"column":0}},"64":{"start":{"line":65,"column":0},"end":{"line":65,"column":35}},"65":{"start":{"line":66,"column":0},"end":{"line":66,"column":27}},"66":{"start":{"line":67,"column":0},"end":{"line":67,"column":0}},"67":{"start":{"line":68,"column":0},"end":{"line":68,"column":3}},"68":{"start":{"line":69,"column":0},"end":{"line":69,"column":1}},"69":{"start":{"line":70,"column":0},"end":{"line":70,"column":0}},"70":{"start":{"line":71,"column":0},"end":{"line":71,"column":84}}},"s":{"0":1,"1":1,"2":1,"3":1,"4":1,"5":1,"6":1,"7":1,"8":1,"9":1,"10":1,"11":3,"12":3,"13":3,"14":1,"15":1,"16":1,"17":1,"18":1,"19":3,"20":3,"21":3,"22":3,"23":3,"24":1,"25":1,"26":1,"27":1,"28":1,"29":1,"30":1,"31":1,"32":1,"33":1,"34":1,"35":1,"36":1,"37":1,"38":1,"39":1,"40":0,"41":1,"42":0,"43":0,"44":0,"45":0,"46":0,"47":0,"48":0,"49":1,"50":0,"51":0,"52":0,"53":1,"54":0,"55":0,"56":0,"57":0,"58":0,"59":0,"60":0,"61":0,"62":0,"63":0,"64":1,"65":0,"66":0,"67":0,"68":0,"69":0,"70":1},"branchMap":{"0":{"type":"branch","line":1,"loc":{"start":{"line":1,"column":0},"end":{"line":71,"column":84}},"locations":[{"start":{"line":1,"column":0},"end":{"line":71,"column":84}}]},"1":{"type":"branch","line":1,"loc":{"start":{"line":1,"column":0},"end":{"line":71,"column":84}},"locations":[{"start":{"line":1,"column":0},"end":{"line":71,"column":84}}]},"2":{"type":"branch","line":8,"loc":{"start":{"line":8,"column":55},"end":{"line":15,"column":8}},"locations":[{"start":{"line":8,"column":55},"end":{"line":15,"column":8}}]},"3":{"type":"branch","line":11,"loc":{"start":{"line":11,"column":17},"end":{"line":15,"column":6}},"locations":[{"start":{"line":11,"column":17},"end":{"line":15,"column":6}}]},"4":{"type":"branch","line":15,"loc":{"start":{"line":15,"column":28},"end":{"line":27,"column":13}},"locations":[{"start":{"line":15,"column":28},"end":{"line":27,"column":13}}]},"5":{"type":"branch","line":18,"loc":{"start":{"line":18,"column":-1},"end":{"line":18,"column":28}},"locations":[{"start":{"line":18,"column":-1},"end":{"line":18,"column":28}}]},"6":{"type":"branch","line":19,"loc":{"start":{"line":19,"column":20},"end":{"line":25,"column":9}},"locations":[{"start":{"line":19,"column":20},"end":{"line":25,"column":9}}]},"7":{"type":"branch","line":27,"loc":{"start":{"line":27,"column":34},"end":{"line":30,"column":39}},"locations":[{"start":{"line":27,"column":34},"end":{"line":30,"column":39}}]}},"b":{"0":[1],"1":[1],"2":[1],"3":[3],"4":[1],"5":[0],"6":[3],"7":[1]},"fnMap":{"0":{"name":"Object.<anonymous>","decl":{"start":{"line":1,"column":0},"end":{"line":71,"column":84}},"loc":{"start":{"line":1,"column":0},"end":{"line":71,"column":84}},"line":1},"1":{"name":"__export","decl":{"start":{"line":8,"column":55},"end":{"line":15,"column":8}},"loc":{"start":{"line":8,"column":55},"end":{"line":15,"column":8}},"line":8},"2":{"name":"__copyProps","decl":{"start":{"line":15,"column":28},"end":{"line":27,"column":13}},"loc":{"start":{"line":15,"column":28},"end":{"line":27,"column":13}},"line":15},"3":{"name":"get","decl":{"start":{"line":23,"column":18},"end":{"line":23,"column":33}},"loc":{"start":{"line":23,"column":18},"end":{"line":23,"column":33}},"line":23},"4":{"name":"__toCommonJS","decl":{"start":{"line":27,"column":34},"end":{"line":30,"column":39}},"loc":{"start":{"line":27,"column":34},"end":{"line":30,"column":39}},"line":27},"5":{"name":"ParticleAttractor","decl":{"start":{"line":35,"column":31},"end":{"line":36,"column":0}},"loc":{"start":{"line":35,"column":31},"end":{"line":36,"column":0}},"line":35},"6":{"name":"ParticleDrag","decl":{"start":{"line":36,"column":18},"end":{"line":36,"column":36}},"loc":{"start":{"line":36,"column":18},"end":{"line":36,"column":36}},"line":36},"7":{"name":"ParticleGravity","decl":{"start":{"line":38,"column":11},"end":{"line":38,"column":32}},"loc":{"start":{"line":38,"column":11},"end":{"line":38,"column":32}},"line":38},"8":{"name":"ParticleGravity","decl":{"start":{"line":40,"column":21},"end":{"line":42,"column":3}},"loc":{"start":{"line":40,"column":21},"end":{"line":42,"column":3}},"line":40},"9":{"name":"updateForce","decl":{"start":{"line":42,"column":6},"end":{"line":50,"column":21}},"loc":{"start":{"line":42,"column":6},"end":{"line":50,"column":21}},"line":42},"10":{"name":"ParticleDrag","decl":{"start":{"line":50,"column":47},"end":{"line":54,"column":7}},"loc":{"start":{"line":50,"column":47},"end":{"line":54,"column":7}},"line":50},"11":{"name":"updateForce","decl":{"start":{"line":54,"column":10},"end":{"line":65,"column":4}},"loc":{"start":{"line":54,"column":10},"end":{"line":65,"column":4}},"line":54},"12":{"name":"ParticleAttractor","decl":{"start":{"line":66,"column":-1},"end":{"line":71,"column":51}},"loc":{"start":{"line":66,"column":-1},"end":{"line":71,"column":51}},"line":66},"13":{"name":"updateForce","decl":{"start":{"line":71,"column":54},"end":{"line":71,"column":84}},"loc":{"start":{"line":71,"column":54},"end":{"line":71,"column":84}},"line":71}},"f":{"0":1,"1":1,"2":1,"3":0,"4":1,"5":0,"6":0,"7":0,"8":0,"9":0,"10":0,"11":0,"12":0,"13":0}}
,"/home/addison/Documents/github/particles/src/ParticleForceRegistry.ts": {"path":"/home/addison/Documents/github/particles/src/ParticleForceRegistry.ts","all":false,"statementMap":{"0":{"start":{"line":1,"column":0},"end":{"line":1,"column":34}},"1":{"start":{"line":2,"column":0},"end":{"line":2,"column":66}},"2":{"start":{"line":3,"column":0},"end":{"line":3,"column":0}},"3":{"start":{"line":4,"column":0},"end":{"line":4,"column":42}},"4":{"start":{"line":5,"column":0},"end":{"line":5,"column":37}},"5":{"start":{"line":6,"column":0},"end":{"line":6,"column":21}},"6":{"start":{"line":7,"column":0},"end":{"line":7,"column":29}},"7":{"start":{"line":8,"column":0},"end":{"line":8,"column":1}},"8":{"start":{"line":9,"column":0},"end":{"line":9,"column":0}},"9":{"start":{"line":10,"column":0},"end":{"line":10,"column":29}},"10":{"start":{"line":11,"column":0},"end":{"line":11,"column":0}},"11":{"start":{"line":12,"column":0},"end":{"line":12,"column":51}},"12":{"start":{"line":13,"column":0},"end":{"line":13,"column":0}},"13":{"start":{"line":14,"column":0},"end":{"line":14,"column":17}},"14":{"start":{"line":15,"column":0},"end":{"line":15,"column":28}},"15":{"start":{"line":16,"column":0},"end":{"line":16,"column":3}},"16":{"start":{"line":17,"column":0},"end":{"line":17,"column":0}},"17":{"start":{"line":18,"column":0},"end":{"line":18,"column":64}},"18":{"start":{"line":19,"column":0},"end":{"line":19,"column":29}},"19":{"start":{"line":20,"column":0},"end":{"line":20,"column":25}},"20":{"start":{"line":21,"column":0},"end":{"line":21,"column":12}},"21":{"start":{"line":22,"column":0},"end":{"line":22,"column":7}},"22":{"start":{"line":23,"column":0},"end":{"line":23,"column":3}},"23":{"start":{"line":24,"column":0},"end":{"line":24,"column":0}},"24":{"start":{"line":25,"column":0},"end":{"line":25,"column":67}},"25":{"start":{"line":26,"column":0},"end":{"line":26,"column":57}},"26":{"start":{"line":27,"column":0},"end":{"line":27,"column":38}},"27":{"start":{"line":28,"column":0},"end":{"line":28,"column":55}},"28":{"start":{"line":29,"column":0},"end":{"line":29,"column":40}},"29":{"start":{"line":30,"column":0},"end":{"line":30,"column":7}},"30":{"start":{"line":31,"column":0},"end":{"line":31,"column":5}},"31":{"start":{"line":32,"column":0},"end":{"line":32,"column":3}},"32":{"start":{"line":33,"column":0},"end":{"line":33,"column":0}},"33":{"start":{"line":34,"column":0},"end":{"line":34,"column":11}},"34":{"start":{"line":35,"column":0},"end":{"line":35,"column":28}},"35":{"start":{"line":36,"column":0},"end":{"line":36,"column":3}},"36":{"start":{"line":37,"column":0},"end":{"line":37,"column":0}},"37":{"start":{"line":38,"column":0},"end":{"line":38,"column":29}},"38":{"start":{"line":39,"column":0},"end":{"line":39,"column":57}},"39":{"start":{"line":40,"column":0},"end":{"line":40,"column":78}},"40":{"start":{"line":41,"column":0},"end":{"line":41,"column":5}},"41":{"start":{"line":42,"column":0},"end":{"line":42,"column":3}},"42":{"start":{"line":43,"column":0},"end":{"line":43,"column":0}},"43":{"start":{"line":44,"column":0},"end":{"line":44,"column":1}},"44":{"start":{"line":45,"column":0},"end":{"line":45,"column":0}},"45":{"start":{"line":46,"column":0},"end":{"line":46,"column":37}}},"s":{"0":1,"1":1,"2":1,"3":1,"4":1,"5":1,"6":1,"7":1,"8":1,"9":1,"10":1,"11":1,"12":1,"13":1,"14":1,"15":1,"16":1,"17":1,"18":1,"19":1,"20":1,"21":1,"22":1,"23":1,"24":1,"25":1,"26":1,"27":1,"28":1,"29":1,"30":1,"31":1,"32":1,"33":1,"34":1,"35":1,"36":0,"37":1,"38":1,"39":1,"40":0,"41":0,"42":0,"43":0,"44":0,"45":0},"branchMap":{"0":{"type":"branch","line":1,"loc":{"start":{"line":1,"column":0},"end":{"line":46,"column":37}},"locations":[{"start":{"line":1,"column":0},"end":{"line":46,"column":37}}]},"1":{"type":"branch","line":1,"loc":{"start":{"line":1,"column":0},"end":{"line":46,"column":37}},"locations":[{"start":{"line":1,"column":0},"end":{"line":46,"column":37}}]},"2":{"type":"branch","line":7,"loc":{"start":{"line":7,"column":8},"end":{"line":14,"column":2}},"locations":[{"start":{"line":7,"column":8},"end":{"line":14,"column":2}}]},"3":{"type":"branch","line":15,"loc":{"start":{"line":15,"column":4},"end":{"line":28,"column":4}},"locations":[{"start":{"line":15,"column":4},"end":{"line":28,"column":4}}]},"4":{"type":"branch","line":18,"loc":{"start":{"line":18,"column":39},"end":{"line":19,"column":3}},"locations":[{"start":{"line":18,"column":39},"end":{"line":19,"column":3}}]},"5":{"type":"branch","line":28,"loc":{"start":{"line":28,"column":25},"end":{"line":29,"column":40}},"locations":[{"start":{"line":28,"column":25},"end":{"line":29,"column":40}}]}},"b":{"0":[1],"1":[1],"2":[1],"3":[1],"4":[0],"5":[1]},"fnMap":{"0":{"name":"Object.<anonymous>","decl":{"start":{"line":1,"column":0},"end":{"line":46,"column":37}},"loc":{"start":{"line":1,"column":0},"end":{"line":46,"column":37}},"line":1},"1":{"name":"__export","decl":{"start":{"line":7,"column":8},"end":{"line":14,"column":2}},"loc":{"start":{"line":7,"column":8},"end":{"line":14,"column":2}},"line":7},"2":{"name":"__copyProps","decl":{"start":{"line":15,"column":4},"end":{"line":28,"column":4}},"loc":{"start":{"line":15,"column":4},"end":{"line":28,"column":4}},"line":15},"3":{"name":"get","decl":{"start":{"line":25,"column":61},"end":{"line":26,"column":8}},"loc":{"start":{"line":25,"column":61},"end":{"line":26,"column":8}},"line":25},"4":{"name":"__toCommonJS","decl":{"start":{"line":28,"column":25},"end":{"line":29,"column":40}},"loc":{"start":{"line":28,"column":25},"end":{"line":29,"column":40}},"line":28},"5":{"name":"default","decl":{"start":{"line":36,"column":2},"end":{"line":38,"column":16}},"loc":{"start":{"line":36,"column":2},"end":{"line":38,"column":16}},"line":36},"6":{"name":"ParticleForceRegistry","decl":{"start":{"line":40,"column":11},"end":{"line":40,"column":59}},"loc":{"start":{"line":40,"column":11},"end":{"line":40,"column":59}},"line":40},"7":{"name":"add","decl":{"start":{"line":40,"column":62},"end":{"line":46,"column":37}},"loc":{"start":{"line":40,"column":62},"end":{"line":46,"column":37}},"line":40}},"f":{"0":1,"1":1,"2":1,"3":0,"4":1,"5":0,"6":0,"7":0}}
,"/home/addison/Documents/github/particles/src/ParticleWorld.ts": {"path":"/home/addison/Documents/github/particles/src/ParticleWorld.ts","all":false,"statementMap":{"0":{"start":{"line":1,"column":0},"end":{"line":1,"column":34}},"1":{"start":{"line":2,"column":0},"end":{"line":2,"column":60}},"2":{"start":{"line":3,"column":0},"end":{"line":3,"column":0}},"3":{"start":{"line":4,"column":0},"end":{"line":4,"column":21}},"4":{"start":{"line":5,"column":0},"end":{"line":5,"column":29}},"5":{"start":{"line":6,"column":0},"end":{"line":6,"column":35}},"6":{"start":{"line":7,"column":0},"end":{"line":7,"column":0}},"7":{"start":{"line":8,"column":0},"end":{"line":8,"column":17}},"8":{"start":{"line":9,"column":0},"end":{"line":9,"column":24}},"9":{"start":{"line":10,"column":0},"end":{"line":10,"column":48}},"10":{"start":{"line":11,"column":0},"end":{"line":11,"column":3}},"11":{"start":{"line":12,"column":0},"end":{"line":12,"column":0}},"12":{"start":{"line":13,"column":0},"end":{"line":13,"column":36}},"13":{"start":{"line":14,"column":0},"end":{"line":14,"column":34}},"14":{"start":{"line":15,"column":0},"end":{"line":15,"column":3}},"15":{"start":{"line":16,"column":0},"end":{"line":16,"column":0}},"16":{"start":{"line":17,"column":0},"end":{"line":17,"column":39}},"17":{"start":{"line":18,"column":0},"end":{"line":18,"column":53}},"18":{"start":{"line":19,"column":0},"end":{"line":19,"column":42}},"19":{"start":{"line":20,"column":0},"end":{"line":20,"column":36}},"20":{"start":{"line":21,"column":0},"end":{"line":21,"column":7}},"21":{"start":{"line":22,"column":0},"end":{"line":22,"column":5}},"22":{"start":{"line":23,"column":0},"end":{"line":23,"column":3}},"23":{"start":{"line":24,"column":0},"end":{"line":24,"column":0}},"24":{"start":{"line":25,"column":0},"end":{"line":25,"column":32}},"25":{"start":{"line":26,"column":0},"end":{"line":26,"column":42}},"26":{"start":{"line":27,"column":0},"end":{"line":27,"column":29}},"27":{"start":{"line":28,"column":0},"end":{"line":28,"column":5}},"28":{"start":{"line":29,"column":0},"end":{"line":29,"column":3}},"29":{"start":{"line":30,"column":0},"end":{"line":30,"column":0}},"30":{"start":{"line":31,"column":0},"end":{"line":31,"column":16}},"31":{"start":{"line":32,"column":0},"end":{"line":32,"column":42}},"32":{"start":{"line":33,"column":0},"end":{"line":33,"column":34}},"33":{"start":{"line":34,"column":0},"end":{"line":34,"column":5}},"34":{"start":{"line":35,"column":0},"end":{"line":35,"column":3}},"35":{"start":{"line":36,"column":0},"end":{"line":36,"column":0}},"36":{"start":{"line":37,"column":0},"end":{"line":37,"column":34}},"37":{"start":{"line":38,"column":0},"end":{"line":38,"column":0}},"38":{"start":{"line":39,"column":0},"end":{"line":39,"column":54}},"39":{"start":{"line":40,"column":0},"end":{"line":40,"column":35}},"40":{"start":{"line":41,"column":0},"end":{"line":41,"column":0}},"41":{"start":{"line":42,"column":0},"end":{"line":42,"column":23}},"42":{"start":{"line":43,"column":0},"end":{"line":43,"column":0}},"43":{"start":{"line":44,"column":0},"end":{"line":44,"column":3}},"44":{"start":{"line":45,"column":0},"end":{"line":45,"column":0}},"45":{"start":{"line":46,"column":0},"end":{"line":46,"column":1}},"46":{"start":{"line":47,"column":0},"end":{"line":47,"column":0}},"47":{"start":{"line":48,"column":0},"end":{"line":48,"column":29}}},"s":{"0":1,"1":1,"2":1,"3":1,"4":1,"5":1,"6":1,"7":1,"8":1,"9":1,"10":1,"11":1,"12":1,"13":1,"14":1,"15":1,"16":1,"17":1,"18":2,"19":2,"20":2,"21":2,"22":2,"23":2,"24":2,"25":3,"26":3,"27":0,"28":0,"29":0,"30":3,"31":3,"32":1,"33":1,"34":1,"35":1,"36":1,"37":1,"38":1,"39":1,"40":1,"41":1,"42":0,"43":0,"44":0,"45":0,"46":0,"47":0},"branchMap":{"0":{"type":"branch","line":1,"loc":{"start":{"line":1,"column":0},"end":{"line":48,"column":29}},"locations":[{"start":{"line":1,"column":0},"end":{"line":48,"column":29}}]},"1":{"type":"branch","line":1,"loc":{"start":{"line":1,"column":0},"end":{"line":48,"column":29}},"locations":[{"start":{"line":1,"column":0},"end":{"line":48,"column":29}}]},"2":{"type":"branch","line":13,"loc":{"start":{"line":13,"column":3},"end":{"line":17,"column":37}},"locations":[{"start":{"line":13,"column":3},"end":{"line":17,"column":37}}]},"3":{"type":"branch","line":18,"loc":{"start":{"line":18,"column":17},"end":{"line":33,"column":33}},"locations":[{"start":{"line":18,"column":17},"end":{"line":33,"column":33}}]},"4":{"type":"branch","line":19,"loc":{"start":{"line":19,"column":32},"end":{"line":20,"column":18}},"locations":[{"start":{"line":19,"column":32},"end":{"line":20,"column":18}}]},"5":{"type":"branch","line":25,"loc":{"start":{"line":25,"column":17},"end":{"line":33,"column":14}},"locations":[{"start":{"line":25,"column":17},"end":{"line":33,"column":14}}]},"6":{"type":"branch","line":37,"loc":{"start":{"line":37,"column":3},"end":{"line":48,"column":29}},"locations":[{"start":{"line":37,"column":3},"end":{"line":48,"column":29}}]},"7":{"type":"branch","line":39,"loc":{"start":{"line":39,"column":48},"end":{"line":39,"column":52}},"locations":[{"start":{"line":39,"column":48},"end":{"line":39,"column":52}}]},"8":{"type":"branch","line":42,"loc":{"start":{"line":42,"column":15},"end":{"line":48,"column":29}},"locations":[{"start":{"line":42,"column":15},"end":{"line":48,"column":29}}]}},"b":{"0":[1],"1":[1],"2":[1],"3":[2],"4":[0],"5":[3],"6":[1],"7":[0],"8":[0]},"fnMap":{"0":{"name":"Object.<anonymous>","decl":{"start":{"line":1,"column":0},"end":{"line":48,"column":29}},"loc":{"start":{"line":1,"column":0},"end":{"line":48,"column":29}},"line":1},"1":{"name":"__export","decl":{"start":{"line":13,"column":3},"end":{"line":17,"column":37}},"loc":{"start":{"line":13,"column":3},"end":{"line":17,"column":37}},"line":13},"2":{"name":"__copyProps","decl":{"start":{"line":18,"column":17},"end":{"line":33,"column":33}},"loc":{"start":{"line":18,"column":17},"end":{"line":33,"column":33}},"line":18},"3":{"name":"get","decl":{"start":{"line":27,"column":26},"end":{"line":31,"column":0}},"loc":{"start":{"line":27,"column":26},"end":{"line":31,"column":0}},"line":27},"4":{"name":"__toESM","decl":{"start":{"line":37,"column":3},"end":{"line":48,"column":29}},"loc":{"start":{"line":37,"column":3},"end":{"line":48,"column":29}},"line":37}},"f":{"0":1,"1":1,"2":2,"3":0,"4":1}}
,"/home/addison/Documents/github/particles/src/index.ts": {"path":"/home/addison/Documents/github/particles/src/index.ts","all":false,"statementMap":{"0":{"start":{"line":1,"column":0},"end":{"line":1,"column":34}},"1":{"start":{"line":2,"column":0},"end":{"line":2,"column":44}},"2":{"start":{"line":3,"column":0},"end":{"line":3,"column":114}},"3":{"start":{"line":4,"column":0},"end":{"line":4,"column":0}},"4":{"start":{"line":5,"column":0},"end":{"line":5,"column":8}},"5":{"start":{"line":6,"column":0},"end":{"line":6,"column":11}},"6":{"start":{"line":7,"column":0},"end":{"line":7,"column":16}},"7":{"start":{"line":8,"column":0},"end":{"line":8,"column":20}},"8":{"start":{"line":9,"column":0},"end":{"line":9,"column":15}},"9":{"start":{"line":10,"column":0},"end":{"line":10,"column":25}},"10":{"start":{"line":11,"column":0},"end":{"line":11,"column":17}},"11":{"start":{"line":12,"column":0},"end":{"line":12,"column":2}}},"s":{"0":1,"1":1,"2":1,"3":1,"4":1,"5":1,"6":1,"7":1,"8":1,"9":1,"10":1,"11":1},"branchMap":{"0":{"type":"branch","line":1,"loc":{"start":{"line":1,"column":0},"end":{"line":12,"column":2}},"locations":[{"start":{"line":1,"column":0},"end":{"line":12,"column":2}}]},"1":{"type":"branch","line":1,"loc":{"start":{"line":1,"column":0},"end":{"line":12,"column":2}},"locations":[{"start":{"line":1,"column":0},"end":{"line":12,"column":2}}]},"2":{"type":"branch","line":10,"loc":{"start":{"line":10,"column":15},"end":{"line":12,"column":2}},"locations":[{"start":{"line":10,"column":15},"end":{"line":12,"column":2}}]}},"b":{"0":[1],"1":[1],"2":[1]},"fnMap":{"0":{"name":"Object.<anonymous>","decl":{"start":{"line":1,"column":0},"end":{"line":12,"column":2}},"loc":{"start":{"line":1,"column":0},"end":{"line":12,"column":2}},"line":1},"1":{"name":"__export","decl":{"start":{"line":10,"column":15},"end":{"line":12,"column":2}},"loc":{"start":{"line":10,"column":15},"end":{"line":12,"column":2}},"line":10}},"f":{"0":1,"1":1}}
}
