TN:
SF:src/Particle.ts
FN:1,Object.<anonymous>
FN:16,__export
FN:19,__copyProps
FN:30,get
FN:36,__toESM
FN:49,__toCommonJS
FN:56,default
FN:59,Particle
FN:69,addForce
FN:73,setMass
FNF:10
FNH:10
FNDA:1,Object.<anonymous>
FNDA:1,__export
FNDA:2,__copyProps
FNDA:55,get
FNDA:1,__toESM
FNDA:1,__toCommonJS
FNDA:11,default
FNDA:11,Particle
FNDA:1,addForce
FNDA:12,setMass
DA:1,1
DA:2,1
DA:3,1
DA:4,1
DA:5,1
DA:6,1
DA:7,1
DA:8,1
DA:9,1
DA:10,1
DA:11,1
DA:12,1
DA:13,1
DA:14,1
DA:15,1
DA:16,1
DA:17,1
DA:18,1
DA:19,1
DA:20,2
DA:21,2
DA:22,2
DA:23,2
DA:24,2
DA:25,2
DA:26,408
DA:27,408
DA:28,408
DA:29,408
DA:30,408
DA:31,408
DA:32,408
DA:33,2
DA:34,1
DA:35,1
DA:36,1
DA:37,1
DA:38,1
DA:39,1
DA:40,1
DA:41,1
DA:42,1
DA:43,1
DA:44,1
DA:45,0
DA:46,0
DA:47,0
DA:48,1
DA:49,1
DA:50,1
DA:51,1
DA:52,1
DA:53,1
DA:54,1
DA:55,1
DA:56,1
DA:57,1
DA:58,1
DA:59,1
DA:60,11
DA:61,11
DA:62,11
DA:63,11
DA:64,11
DA:65,11
DA:66,11
DA:67,11
DA:68,11
DA:69,1
DA:70,1
DA:71,1
DA:72,1
DA:73,1
DA:74,12
DA:75,12
DA:76,12
DA:77,12
LF:77
LH:74
BRDA:1,0,0,1
BRDA:1,1,0,1
BRDA:16,2,0,1
BRDA:19,3,0,2
BRDA:20,4,0,0
BRDA:25,5,0,408
BRDA:30,6,0,55
BRDA:36,7,0,1
BRDA:40,8,0,0
BRDA:44,9,0,0
BRDA:49,10,0,1
BRDA:56,11,0,11
BRDA:59,12,0,11
BRDA:69,13,0,1
BRDA:73,14,0,12
BRDA:77,15,0,0
BRF:16
BRH:12
end_of_record
TN:
SF:src/ParticleForceGenerator.ts
FN:1,Object.<anonymous>
FN:8,__export
FN:15,__copyProps
FN:23,get
FN:27,__toCommonJS
FN:35,ParticleAttractor
FN:36,ParticleDrag
FN:38,ParticleGravity
FN:40,ParticleGravity
FN:42,updateForce
FN:50,ParticleDrag
FN:54,updateForce
FN:66,ParticleAttractor
FN:71,updateForce
FNF:14
FNH:4
FNDA:1,Object.<anonymous>
FNDA:1,__export
FNDA:1,__copyProps
FNDA:0,get
FNDA:1,__toCommonJS
FNDA:0,ParticleAttractor
FNDA:0,ParticleDrag
FNDA:0,ParticleGravity
FNDA:0,ParticleGravity
FNDA:0,updateForce
FNDA:0,ParticleDrag
FNDA:0,updateForce
FNDA:0,ParticleAttractor
FNDA:0,updateForce
DA:1,1
DA:2,1
DA:3,1
DA:4,1
DA:5,1
DA:6,1
DA:7,1
DA:8,1
DA:9,1
DA:10,1
DA:11,1
DA:12,3
DA:13,3
DA:14,3
DA:15,1
DA:16,1
DA:17,1
DA:18,1
DA:19,1
DA:20,3
DA:21,3
DA:22,3
DA:23,3
DA:24,3
DA:25,1
DA:26,1
DA:27,1
DA:28,1
DA:29,1
DA:30,1
DA:31,1
DA:32,1
DA:33,1
DA:34,1
DA:35,1
DA:36,1
DA:37,1
DA:38,1
DA:39,1
DA:40,1
DA:41,0
DA:42,1
DA:43,0
DA:44,0
DA:45,0
DA:46,0
DA:47,0
DA:48,0
DA:49,0
DA:50,1
DA:51,0
DA:52,0
DA:53,0
DA:54,1
DA:55,0
DA:56,0
DA:57,0
DA:58,0
DA:59,0
DA:60,0
DA:61,0
DA:62,0
DA:63,0
DA:64,0
DA:65,1
DA:66,0
DA:67,0
DA:68,0
DA:69,0
DA:70,0
DA:71,1
LF:71
LH:45
BRDA:1,0,0,1
BRDA:1,1,0,1
BRDA:8,2,0,1
BRDA:11,3,0,3
BRDA:15,4,0,1
BRDA:18,5,0,0
BRDA:19,6,0,3
BRDA:27,7,0,1
BRF:8
BRH:7
end_of_record
TN:
SF:src/ParticleForceRegistry.ts
FN:1,Object.<anonymous>
FN:7,__export
FN:15,__copyProps
FN:25,get
FN:28,__toCommonJS
FN:36,default
FN:40,ParticleForceRegistry
FN:40,add
FNF:8
FNH:4
FNDA:1,Object.<anonymous>
FNDA:1,__export
FNDA:1,__copyProps
FNDA:0,get
FNDA:1,__toCommonJS
FNDA:0,default
FNDA:0,ParticleForceRegistry
FNDA:0,add
DA:1,1
DA:2,1
DA:3,1
DA:4,1
DA:5,1
DA:6,1
DA:7,1
DA:8,1
DA:9,1
DA:10,1
DA:11,1
DA:12,1
DA:13,1
DA:14,1
DA:15,1
DA:16,1
DA:17,1
DA:18,1
DA:19,1
DA:20,1
DA:21,1
DA:22,1
DA:23,1
DA:24,1
DA:25,1
DA:26,1
DA:27,1
DA:28,1
DA:29,1
DA:30,1
DA:31,1
DA:32,1
DA:33,1
DA:34,1
DA:35,1
DA:36,1
DA:37,0
DA:38,1
DA:39,1
DA:40,1
DA:41,0
DA:42,0
DA:43,0
DA:44,0
DA:45,0
DA:46,0
LF:46
LH:39
BRDA:1,0,0,1
BRDA:1,1,0,1
BRDA:7,2,0,1
BRDA:15,3,0,1
BRDA:18,4,0,0
BRDA:28,5,0,1
BRF:6
BRH:5
end_of_record
TN:
SF:src/ParticleWorld.ts
FN:1,Object.<anonymous>
FN:13,__export
FN:18,__copyProps
FN:27,get
FN:37,__toESM
FNF:5
FNH:4
FNDA:1,Object.<anonymous>
FNDA:1,__export
FNDA:2,__copyProps
FNDA:0,get
FNDA:1,__toESM
DA:1,1
DA:2,1
DA:3,1
DA:4,1
DA:5,1
DA:6,1
DA:7,1
DA:8,1
DA:9,1
DA:10,1
DA:11,1
DA:12,1
DA:13,1
DA:14,1
DA:15,1
DA:16,1
DA:17,1
DA:18,1
DA:19,2
DA:20,2
DA:21,2
DA:22,2
DA:23,2
DA:24,2
DA:25,2
DA:26,3
DA:27,3
DA:28,0
DA:29,0
DA:30,0
DA:31,3
DA:32,3
DA:33,1
DA:34,1
DA:35,1
DA:36,1
DA:37,1
DA:38,1
DA:39,1
DA:40,1
DA:41,1
DA:42,1
DA:43,0
DA:44,0
DA:45,0
DA:46,0
DA:47,0
DA:48,0
LF:48
LH:39
BRDA:1,0,0,1
BRDA:1,1,0,1
BRDA:13,2,0,1
BRDA:18,3,0,2
BRDA:19,4,0,0
BRDA:25,5,0,3
BRDA:37,6,0,1
BRDA:39,7,0,0
BRDA:42,8,0,0
BRF:9
BRH:6
end_of_record
TN:
SF:src/index.ts
FN:1,Object.<anonymous>
FN:10,__export
FNF:2
FNH:2
FNDA:1,Object.<anonymous>
FNDA:1,__export
DA:1,1
DA:2,1
DA:3,1
DA:4,1
DA:5,1
DA:6,1
DA:7,1
DA:8,1
DA:9,1
DA:10,1
DA:11,1
DA:12,1
LF:12
LH:12
BRDA:1,0,0,1
BRDA:1,1,0,1
BRDA:10,2,0,1
BRF:3
BRH:3
end_of_record
